Log file open, 02/18/19 09:59:55
LogWindows: Failed to load 'aqProf.dll' (GetLastError=126)
LogWindows: File 'aqProf.dll' does not exist
LogWindows: Failed to load 'VtuneApi.dll' (GetLastError=126)
LogWindows: File 'VtuneApi.dll' does not exist
LogWindows: Failed to load 'VtuneApi32e.dll' (GetLastError=126)
LogWindows: File 'VtuneApi32e.dll' does not exist
LogInit: Display: Running engine for game: Mario
LogPlatformFile: Not using cached read wrapper
LogTaskGraph: Started task graph with 5 named threads and 14 total threads with 3 sets of task threads.
LogStats: Stats thread started at 0.176774
LogD3D11RHI: Loaded GFSDK_Aftermath_Lib.x64.dll
LogICUInternationalization: Display: ICU TimeZone Detection - Raw Offset: +1:00, Platform Override: ''
LogPluginManager: Mounting plugin Paper2D
LogPluginManager: Mounting plugin AISupport
LogPluginManager: Mounting plugin LightPropagationVolume
LogPluginManager: Mounting plugin CLionSourceCodeAccess
LogPluginManager: Mounting plugin CodeLiteSourceCodeAccess
LogPluginManager: Mounting plugin GitSourceControl
LogPluginManager: Mounting plugin KDevelopSourceCodeAccess
LogPluginManager: Mounting plugin NullSourceCodeAccess
LogPluginManager: Mounting plugin PerforceSourceControl
LogPluginManager: Mounting plugin SubversionSourceControl
LogPluginManager: Mounting plugin UObjectPlugin
LogPluginManager: Mounting plugin VisualStudioCodeSourceCodeAccess
LogPluginManager: Mounting plugin VisualStudioSourceCodeAccess
LogPluginManager: Mounting plugin XCodeSourceCodeAccess
LogPluginManager: Mounting plugin AssetManagerEditor
LogPluginManager: Mounting plugin CryptoKeys
LogPluginManager: Mounting plugin DataValidation
LogPluginManager: Mounting plugin FacialAnimation
LogPluginManager: Mounting plugin GameplayTagsEditor
LogPluginManager: Mounting plugin MacGraphicsSwitching
LogPluginManager: Mounting plugin MeshEditor
LogPluginManager: Mounting plugin MobileLauncherProfileWizard
LogPluginManager: Mounting plugin PluginBrowser
LogPluginManager: Mounting plugin SpeedTreeImporter
LogPluginManager: Mounting plugin DatasmithContent
LogPluginManager: Mounting plugin AlembicImporter
LogPluginManager: Mounting plugin AppleImageUtils
LogPluginManager: Mounting plugin AppleVision
LogPluginManager: Mounting plugin BackChannel
LogPluginManager: Mounting plugin CharacterAI
LogPluginManager: Mounting plugin GeometryCache
LogPluginManager: Mounting plugin HTML5Networking
LogPluginManager: Mounting plugin ProxyLODPlugin
LogPluginManager: Mounting plugin MagicLeap
LogPluginManager: Mounting plugin MagicLeapEmulator
LogPluginManager: Mounting plugin MagicLeapMedia
LogPluginManager: Mounting plugin AndroidMedia
LogPluginManager: Mounting plugin AvfMedia
LogPluginManager: Mounting plugin ImgMedia
LogPluginManager: Mounting plugin LinearTimecode
LogPluginManager: Mounting plugin MediaCompositing
LogPluginManager: Mounting plugin MediaPlayerEditor
LogPluginManager: Mounting plugin WmfMedia
LogPluginManager: Mounting plugin TcpMessaging
LogPluginManager: Mounting plugin UdpMessaging
LogPluginManager: Mounting plugin ActorSequence
LogPluginManager: Mounting plugin LevelSequenceEditor
LogPluginManager: Mounting plugin MatineeToLevelSequence
LogPluginManager: Mounting plugin NetcodeUnitTest
LogPluginManager: Mounting plugin NUTUnrealEngine4
LogPluginManager: Mounting plugin OnlineSubsystemGooglePlay
LogPluginManager: Mounting plugin OnlineSubsystemIOS
LogPluginManager: Mounting plugin OnlineSubsystem
LogPluginManager: Mounting plugin OnlineSubsystemNull
LogPluginManager: Mounting plugin OnlineSubsystemUtils
LogPluginManager: Mounting plugin LauncherChunkInstaller
LogPluginManager: Mounting plugin AndroidDeviceProfileSelector
LogPluginManager: Mounting plugin AndroidMoviePlayer
LogPluginManager: Mounting plugin AndroidPermission
LogPluginManager: Mounting plugin ApexDestruction
LogPluginManager: Mounting plugin AppleMoviePlayer
LogPluginManager: Mounting plugin ArchVisCharacter
LogPluginManager: Mounting plugin AudioCapture
LogPluginManager: Mounting plugin CableComponent
LogPluginManager: Mounting plugin CustomMeshComponent
LogPluginManager: Mounting plugin EditableMesh
LogPluginManager: Mounting plugin ExampleDeviceProfileSelector
LogPluginManager: Mounting plugin GoogleCloudMessaging
LogPluginManager: Mounting plugin ImmediatePhysics
LogPluginManager: Mounting plugin IOSDeviceProfileSelector
LogPluginManager: Mounting plugin LinuxDeviceProfileSelector
LogPluginManager: Mounting plugin LocationServicesBPLibrary
LogPluginManager: Mounting plugin MobilePatchingUtils
LogPluginManager: Mounting plugin OculusVR
LogPluginManager: Plugin shader directory ../../../Engine/Plugins/Runtime/Oculus/OculusVR/Shaders found
LogPluginManager: Mapping shader source directory ../../../Engine/Plugins/Runtime/Oculus/OculusVR/Shaders to virtual directory /Plugin/OculusVR
LogPluginManager: Mounting plugin PhysXVehicles
LogPluginManager: Mounting plugin ProceduralMeshComponent
LogPluginManager: Mounting plugin RuntimePhysXCooking
LogPluginManager: Mounting plugin SteamVR
LogPluginManager: Mounting plugin WindowsMoviePlayer
LogStreaming: Display: Took  0.095s to configure plugins.
LogInit: Using libcurl 7.55.1-DEV
LogInit:  - built for x86_64-pc-win32
LogInit:  - supports SSL with OpenSSL/1.0.2h
LogInit:  - supports HTTP deflate (compression) using libz 1.2.8
LogInit:  - other features:
LogInit:      CURL_VERSION_SSL
LogInit:      CURL_VERSION_LIBZ
LogInit:      CURL_VERSION_IPV6
LogInit:      CURL_VERSION_ASYNCHDNS
LogInit:      CURL_VERSION_LARGEFILE
LogInit:      CURL_VERSION_IDN
LogInit:  CurlRequestOptions (configurable via config and command line):
LogInit:  - bVerifyPeer = false  - Libcurl will NOT verify peer certificate
LogInit:  - bUseHttpProxy = false  - Libcurl will NOT use HTTP proxy
LogInit:  - bDontReuseConnections = false  - Libcurl will reuse connections
LogInit:  - CertBundlePath = nullptr  - Libcurl will use whatever was configured at build time.
LogInit:  - MaxHostConnections = 16  - Libcurl will limit the number of connections to a host
LogInit:  - LocalHostAddr = Default
LogInit:  - BufferSize = 65536
LogInit: WinSock: version 1.1 (2.2), MaxSocks=32767, MaxUdp=65467
LogInit: Build: ++UE4+Release-4.20-CL-4369336
LogInit: Engine Version: 4.20.3-4369336+++UE4+Release-4.20
LogInit: Compatible Engine Version: 4.20.0-4212847+++UE4+Release-4.20
LogInit: Net CL: 4212847
LogInit: OS: Windows 10 (), CPU: Intel(R) Core(TM) i5-4460  CPU @ 3.20GHz, GPU: AMD Radeon R9 200 Series
LogInit: Compiled (64-bit): Sep 17 2018 12:26:19
LogInit: Compiled with Visual C++: 19.13.26129.00
LogInit: Build Configuration: Development
LogInit: Branch Name: ++UE4+Release-4.20
LogInit: Command Line: -EpicPortal  -epicusername="Deadzik" -epicuserid=48d9c4c221784d1e8dfa31f2b4b76bea -epiclocale=pl-PL
LogInit: Base Directory: D:/Unreal Engine/Nowy folder/UE_4.20/Engine/Binaries/Win64/
LogInit: Installed Engine Build: 1
LogDevObjectVersion: Number of dev versions registered: 20
LogDevObjectVersion:   Dev-Blueprints (B0D832E4-1F89-4F0D-ACCF-7EB736FD4AA2): 10
LogDevObjectVersion:   Dev-Build (E1C64328-A22C-4D53-A36C-8E866417BD8C): 0
LogDevObjectVersion:   Dev-Core (375EC13C-06E4-48FB-B500-84F0262A717E): 2
LogDevObjectVersion:   Dev-Editor (E4B068ED-F494-42E9-A231-DA0B2E46BB41): 24
LogDevObjectVersion:   Dev-Framework (CFFC743F-43B0-4480-9391-14DF171D2073): 34
LogDevObjectVersion:   Dev-Mobile (B02B49B5-BB20-44E9-A304-32B752E40360): 2
LogDevObjectVersion:   Dev-Networking (A4E4105C-59A1-49B5-A7C5-40C4547EDFEE): 0
LogDevObjectVersion:   Dev-Online (39C831C9-5AE6-47DC-9A44-9C173E1C8E7C): 0
LogDevObjectVersion:   Dev-Physics (78F01B33-EBEA-4F98-B9B4-84EACCB95AA2): 0
LogDevObjectVersion:   Dev-Platform (6631380F-2D4D-43E0-8009-CF276956A95A): 0
LogDevObjectVersion:   Dev-Rendering (12F88B9F-8875-4AFC-A67C-D90C383ABD29): 26
LogDevObjectVersion:   Dev-Sequencer (7B5AE74C-D270-4C10-A958-57980B212A5A): 9
LogDevObjectVersion:   Dev-VR (D7296918-1DD6-4BDD-9DE2-64A83CC13884): 2
LogDevObjectVersion:   Dev-LoadTimes (C2A15278-BFE7-4AFE-6C17-90FF531DF755): 1
LogDevObjectVersion:   Private-Geometry (6EACA3D4-40EC-4CC1-B786-8BED09428FC5): 3
LogDevObjectVersion:   Dev-AnimPhys (29E575DD-E0A3-4627-9D10-D276232CDCEA): 17
LogDevObjectVersion:   Dev-ReflectionCapture (6B266CEC-1EC7-4B8F-A30B-E4D90942FC07): 1
LogDevObjectVersion:   Dev-Automation (0DF73D61-A23F-47EA-B727-89E90C41499A): 1
LogDevObjectVersion:   FortniteMain (601D1886-AC64-4F84-AA16-D3DE0DEAC7D6): 12
LogDevObjectVersion:   Dev-Enterprise (9DFFBCD6-494F-0158-E221-12823C92A888): 1
LogStreaming: Display: Took  0.000s to delete old logs.
LogInit: Presizing for max 8388607 objects, including 0 objects not considered by GC, pre-allocating 0 bytes for permanent pool.
LogInit: Object subsystem initialized
[2019.02.18-08.59.55:423][  0]LogInit: Selected Device Profile: [Windows]
[2019.02.18-08.59.55:423][  0]LogInit: Applying CVar settings loaded from the selected device profile: [Windows]
[2019.02.18-08.59.55:437][  0]LogHAL: Display: Platform has ~ 8 GB [8526303232 / 8589934592 / 8], which maps to Default [LargestMinGB=32, LargerMinGB=12, DefaultMinGB=8, SmallerMinGB=6, SmallestMinGB=0)
[2019.02.18-08.59.55:437][  0]LogInit: Setting Device Profile CVar: [[r.Vulkan.UseRealUBs:1]]
[2019.02.18-08.59.55:437][  0]LogInit: Going up to parent DeviceProfile []
[2019.02.18-08.59.55:437][  0]LogInit: Computer: DEAD
[2019.02.18-08.59.55:437][  0]LogInit: User: DEAD
[2019.02.18-08.59.55:437][  0]LogInit: CPU Page size=4096, Cores=4
[2019.02.18-08.59.55:437][  0]LogInit: High frequency timer resolution =3.124091 MHz
[2019.02.18-08.59.55:437][  0]LogMemory: Memory total: Physical=7.9GB (8GB approx)
[2019.02.18-08.59.55:437][  0]LogMemory: Platform Memory Stats for Windows
[2019.02.18-08.59.55:437][  0]LogMemory: Process Physical Memory: 101.32 MB used, 101.32 MB peak
[2019.02.18-08.59.55:437][  0]LogMemory: Process Virtual Memory: 92.41 MB used, 92.41 MB peak
[2019.02.18-08.59.55:437][  0]LogMemory: Physical Memory: 4619.61 MB used,  3511.71 MB free, 8131.32 MB total
[2019.02.18-08.59.55:437][  0]LogMemory: Virtual Memory: 497.39 MB used,  3511.71 MB free, 134217728.00 MB total
[2019.02.18-08.59.55:451][  0]LogInit: Using OS detected language (pl-PL).
[2019.02.18-08.59.55:451][  0]LogInit: Using OS detected locale (pl-PL).
[2019.02.18-08.59.55:451][  0]LogTextLocalizationManager: No specific localization for 'pl-PL' exists, so the 'pl' localization will be used.
[2019.02.18-08.59.55:453][  0]LogStreaming: Display: Took  0.002s to InitEngineTextLocalization.
[2019.02.18-08.59.55:453][  0]LogInit: Setting process to per monitor DPI aware
[2019.02.18-08.59.55:478][  0]LogSlate: New Slate User Created.  User Index 0, Is Virtual User: 0
[2019.02.18-08.59.55:478][  0]LogSlate: Slate User Registered.  User Index 0, Is Virtual User: 0
[2019.02.18-08.59.55:648][  0]LogHMD: Failed to initialize OpenVR with code 110
[2019.02.18-08.59.55:648][  0]LogD3D11RHI: D3D11 adapters:
[2019.02.18-08.59.55:662][  0]LogD3D11RHI:    0. 'AMD Radeon R9 200 Series' (Feature Level 11_0)
[2019.02.18-08.59.55:662][  0]LogD3D11RHI:       3052/0/4065 MB DedicatedVideo/DedicatedSystem/SharedSystem, Outputs:1, VendorId:0x1002
[2019.02.18-08.59.55:663][  0]LogD3D11RHI:    1. 'Microsoft Basic Render Driver' (Feature Level 11_0)
[2019.02.18-08.59.55:663][  0]LogD3D11RHI:       0/0/4065 MB DedicatedVideo/DedicatedSystem/SharedSystem, Outputs:0, VendorId:0x1414
[2019.02.18-08.59.55:663][  0]LogD3D11RHI: Chosen D3D11 Adapter: 0
[2019.02.18-08.59.55:667][  0]LogD3D11RHI: Creating new Direct3DDevice
[2019.02.18-08.59.55:667][  0]LogD3D11RHI:     GPU DeviceId: 0x6798 (for the marketing name, search the web for "GPU Device Id")
[2019.02.18-08.59.55:667][  0]LogWindows: EnumDisplayDevices:
[2019.02.18-08.59.55:667][  0]LogWindows:    0. 'AMD Radeon R9 200 Series' (P:1 D:1)
[2019.02.18-08.59.55:667][  0]LogWindows:    1. 'AMD Radeon R9 200 Series' (P:0 D:0)
[2019.02.18-08.59.55:667][  0]LogWindows:    2. 'AMD Radeon R9 200 Series' (P:0 D:0)
[2019.02.18-08.59.55:668][  0]LogWindows:    3. 'AMD Radeon R9 200 Series' (P:0 D:0)
[2019.02.18-08.59.55:668][  0]LogWindows:    4. 'AMD Radeon R9 200 Series' (P:0 D:0)
[2019.02.18-08.59.55:668][  0]LogWindows:    5. 'AMD Radeon R9 200 Series' (P:0 D:0)
[2019.02.18-08.59.55:668][  0]LogWindows: DebugString: FoundDriverCount:6 
[2019.02.18-08.59.55:668][  0]LogD3D11RHI:     Adapter Name: AMD Radeon R9 200 Series
[2019.02.18-08.59.55:668][  0]LogD3D11RHI:   Driver Version: Adrenalin 18.2.1 (internal:23.20.15017.3010, unified:23.20.15017.3010)
[2019.02.18-08.59.55:668][  0]LogD3D11RHI:      Driver Date: 1-31-2018
[2019.02.18-08.59.55:669][  0]LogRHI: Texture pool is 2136 MB (70% of 3052 MB)
[2019.02.18-08.59.55:687][  0]LogD3D11RHI: Async texture creation enabled
[2019.02.18-08.59.55:699][  0]LogD3D11RHI: GPU Timing Frequency: 27.000000 (Debug: 2 1)
[2019.02.18-08.59.55:701][  0]LogShaderCompilers: Guid format shader working directory is -1 characters bigger than the processId version (../../../../../../Unreal Engine Projects/Mario/Intermediate/Shaders/WorkingDirectory/8768/).
[2019.02.18-08.59.55:701][  0]LogShaderCompilers: Cleaned the shader compiler working directory 'C:/Users/DEAD/AppData/Local/Temp/UnrealShaderWorkingDir/26442B1D4167F274F35ADABBC469C00E/'.
[2019.02.18-08.59.55:973][  0]LogTemp: Display: Loaded TP AllDesktopTargetPlatform
[2019.02.18-08.59.55:986][  0]LogTemp: Display: Loaded TP MacClientTargetPlatform
[2019.02.18-08.59.56:000][  0]LogTemp: Display: Loaded TP MacNoEditorTargetPlatform
[2019.02.18-08.59.56:014][  0]LogTemp: Display: Loaded TP MacServerTargetPlatform
[2019.02.18-08.59.56:028][  0]LogTemp: Display: Loaded TP MacTargetPlatform
[2019.02.18-08.59.56:043][  0]LogTemp: Display: Loaded TP WindowsClientTargetPlatform
[2019.02.18-08.59.56:057][  0]LogTemp: Display: Loaded TP WindowsNoEditorTargetPlatform
[2019.02.18-08.59.56:071][  0]LogTemp: Display: Loaded TP WindowsServerTargetPlatform
[2019.02.18-08.59.56:077][  0]LogTemp: Display: Loaded TP WindowsTargetPlatform
[2019.02.18-08.59.56:169][  0]LogTemp: Display: Loaded TP AndroidTargetPlatform
[2019.02.18-08.59.56:169][  0]LogTemp: Display: Loaded TP AndroidTargetPlatform
[2019.02.18-08.59.56:169][  0]LogTemp: Display: Loaded TP AndroidTargetPlatform
[2019.02.18-08.59.56:169][  0]LogTemp: Display: Loaded TP AndroidTargetPlatform
[2019.02.18-08.59.56:169][  0]LogTemp: Display: Loaded TP AndroidTargetPlatform
[2019.02.18-08.59.56:169][  0]LogTemp: Display: Loaded TP AndroidTargetPlatform
[2019.02.18-08.59.56:169][  0]LogTemp: Display: Loaded TP AndroidTargetPlatform
[2019.02.18-08.59.56:169][  0]LogTemp: Display: Loaded TP AndroidTargetPlatform
[2019.02.18-08.59.56:169][  0]LogTemp: Display: Loaded TP AndroidTargetPlatform
[2019.02.18-08.59.56:169][  0]LogTemp: Display: Loaded TP AndroidTargetPlatform
[2019.02.18-08.59.56:169][  0]LogTemp: Display: Loaded TP AndroidTargetPlatform
[2019.02.18-08.59.56:169][  0]LogTemp: Display: Loaded TP AndroidTargetPlatform
[2019.02.18-08.59.56:169][  0]LogTemp: Display: Loaded TP AndroidTargetPlatform
[2019.02.18-08.59.56:169][  0]LogTemp: Display: Loaded TP AndroidTargetPlatform
[2019.02.18-08.59.56:169][  0]LogTemp: Display: Loaded TP AndroidTargetPlatform
[2019.02.18-08.59.56:169][  0]LogTemp: Display: Loaded TP AndroidTargetPlatform
[2019.02.18-08.59.56:169][  0]LogTemp: Display: Loaded TP AndroidTargetPlatform
[2019.02.18-08.59.56:169][  0]LogTemp: Display: Loaded TP AndroidTargetPlatform
[2019.02.18-08.59.56:170][  0]LogTemp: Display: Loaded TP HTML5TargetPlatform
[2019.02.18-08.59.56:230][  0]LogTemp: Display: Loaded TP IOSTargetPlatform
[2019.02.18-08.59.56:230][  0]LogTemp: Display: Loaded TP IOSTargetPlatform
[2019.02.18-08.59.56:255][  0]LogTemp: Display: Loaded TP TVOSTargetPlatform
[2019.02.18-08.59.56:255][  0]LogTemp: Display: Loaded TP TVOSTargetPlatform
[2019.02.18-08.59.56:269][  0]LogTemp: Display: Loaded TP LinuxClientTargetPlatform
[2019.02.18-08.59.56:282][  0]LogTemp: Display: Loaded TP LinuxNoEditorTargetPlatform
[2019.02.18-08.59.56:295][  0]LogTemp: Display: Loaded TP LinuxServerTargetPlatform
[2019.02.18-08.59.56:310][  0]LogTemp: Display: Loaded TP LinuxTargetPlatform
[2019.02.18-08.59.56:319][  0]LogTemp: Display: Loaded TP LuminTargetPlatform
[2019.02.18-08.59.56:319][  0]LogTargetPlatformManager: Display: Building Assets For Windows
[2019.02.18-08.59.56:359][  0]LogXGEController: Cannot use XGE Controller as Incredibuild is not installed on this machine.
[2019.02.18-08.59.56:359][  0]LogShaderCompilers: Cannot use XGE Shader Compiler as Incredibuild is not installed on this machine.
[2019.02.18-08.59.56:359][  0]LogShaderCompilers: Display: Using Local Shader Compiler.
[2019.02.18-08.59.57:150][  0]LogDerivedDataCache: Display: Max Cache Size: 512 MB
[2019.02.18-08.59.57:229][  0]LogDerivedDataCache: Loaded boot cache 0.08s 71MB C:/Users/DEAD/AppData/Local/UnrealEngine/4.20/DerivedDataCache/Boot.ddc.
[2019.02.18-08.59.57:229][  0]LogDerivedDataCache: Display: Loaded Boot cache: C:/Users/DEAD/AppData/Local/UnrealEngine/4.20/DerivedDataCache/Boot.ddc
[2019.02.18-08.59.57:229][  0]LogDerivedDataCache: FDerivedDataBackendGraph:  Pak pak cache file ../../../../../../Unreal Engine Projects/Mario/DerivedDataCache/DDC.ddp not found, will not use a pak cache.
[2019.02.18-08.59.57:229][  0]LogDerivedDataCache: Unable to find inner node Pak for hierarchical cache Hierarchy.
[2019.02.18-08.59.57:229][  0]LogDerivedDataCache: FDerivedDataBackendGraph:  CompressedPak pak cache file ../../../../../../Unreal Engine Projects/Mario/DerivedDataCache/Compressed.ddp not found, will not use a pak cache.
[2019.02.18-08.59.57:229][  0]LogDerivedDataCache: Unable to find inner node CompressedPak for hierarchical cache Hierarchy.
[2019.02.18-08.59.57:247][  0]LogDerivedDataCache: Display: Pak cache opened for reading ../../../Engine/DerivedDataCache/Compressed.ddp.
[2019.02.18-08.59.57:259][  0]LogDerivedDataCache: Using Local data cache path C:/Users/DEAD/AppData/Local/UnrealEngine/Common/DerivedDataCache: Writable
[2019.02.18-08.59.57:259][  0]LogDerivedDataCache: Shared data cache path not found in *engine.ini, will not use an Shared cache.
[2019.02.18-08.59.57:259][  0]LogDerivedDataCache: Unable to find inner node Shared for hierarchical cache Hierarchy.
[2019.02.18-08.59.57:279][  0]LogMaterial: Verifying Global Shaders for PCD3D_SM5
[2019.02.18-08.59.57:280][  0]LogSlate: Using FreeType 2.6.0
[2019.02.18-08.59.57:281][  0]LogSlate: SlateFontServices - WITH_FREETYPE: 1, WITH_HARFBUZZ: 1
[2019.02.18-08.59.57:351][  0]LogAssetRegistry: FAssetRegistry took 0.0256 seconds to start up
[2019.02.18-08.59.57:671][  0]LogInit: Selected Device Profile: [Windows]
[2019.02.18-08.59.57:713][  0]LogSimplygon: Simplygon DLL not present - disabling.
[2019.02.18-08.59.57:715][  0]LogMeshReduction: Using SimplygonSwarm for distributed automatic mesh merging
[2019.02.18-08.59.57:715][  0]LogMeshReduction: Using ProxyLODMeshReduction for automatic mesh merging
[2019.02.18-08.59.57:715][  0]LogMeshReduction: Using QuadricMeshReduction for automatic static mesh reduction
[2019.02.18-08.59.57:715][  0]LogMeshReduction: No automatic skeletal mesh reduction module available
[2019.02.18-08.59.57:813][  0]LogNetVersion: Mario 1.0.0, NetCL: 4212847, EngineNetVer: 5, GameNetVer: 0 (Checksum: 3829394959)
[2019.02.18-08.59.58:303][  0]LogPackageLocalizationCache: Processed 11 localized package path(s) for 2 prioritized culture(s) in 0.086490 seconds
[2019.02.18-08.59.58:310][  0]LogUObjectArray: 38425 objects as part of root set at end of initial load.
[2019.02.18-08.59.58:310][  0]LogUObjectAllocator: 6690864 out of 0 bytes used by permanent object pool.
[2019.02.18-08.59.58:310][  0]LogUObjectArray: CloseDisregardForGC: 0/0 objects in disregard for GC pool
[2019.02.18-08.59.59:136][  0]LogTcpMessaging: Initializing TcpMessaging bridge
[2019.02.18-08.59.59:148][  0]LogUdpMessaging: Initializing bridge on interface 0.0.0.0:0 to multicast group 230.0.0.1:6666.
[2019.02.18-08.59.59:820][  0]SourceControl: Source control is disabled
[2019.02.18-08.59.59:820][  0]SourceControl: Source control is disabled
[2019.02.18-08.59.59:821][  0]SourceControl: Source control is disabled
[2019.02.18-08.59.59:821][  0]SourceControl: Source control is disabled
[2019.02.18-08.59.59:976][  0]LogAndroidPermission: UAndroidPermissionCallbackProxy::GetInstance
[2019.02.18-09.00.00:019][  0]LogOcInput: OculusInput pre-init called
[2019.02.18-09.00.00:079][  0]LogEngine: Initializing Engine...
[2019.02.18-09.00.00:079][  0]LogHMD: Failed to initialize OpenVR with code 110
[2019.02.18-09.00.00:081][  0]LogStats: UGameplayTagsManager::ConstructGameplayTagTree: ImportINI prefixes -  0.000 s
[2019.02.18-09.00.00:081][  0]LogStats: UGameplayTagsManager::ConstructGameplayTagTree: Construct from data asset -  0.000 s
[2019.02.18-09.00.00:081][  0]LogStats: UGameplayTagsManager::ConstructGameplayTagTree: ImportINI -  0.000 s
[2019.02.18-09.00.00:081][  0]LogStats: UGameplayTagsManager::ConstructGameplayTagTree: GameplayTagTreeChangedEvent.Broadcast -  0.000 s
[2019.02.18-09.00.00:357][  0]LogInit: Initializing FReadOnlyCVARCache
[2019.02.18-09.00.00:365][  0]LogAIModule: Creating AISystem for world Untitled
[2019.02.18-09.00.00:372][  0]LogInit: XAudio2 using 'Głośniki (Realtek High Definition Audio)' : 2 channels at 48 kHz using 32 bits per sample (channel mask 0x3)
[2019.02.18-09.00.00:381][  0]LogInit: FAudioDevice initialized.
[2019.02.18-09.00.00:381][  0]LogNetVersion: Set ProjectVersion to 1.0.0.0. Version Checksum will be recalculated on next use.
[2019.02.18-09.00.00:521][  0]LogDerivedDataCache: Saved boot cache 0.14s 71MB C:/Users/DEAD/AppData/Local/UnrealEngine/4.20/DerivedDataCache/Boot.ddc.
[2019.02.18-09.00.00:532][  0]LogInit: Texture streaming: Enabled
[2019.02.18-09.00.00:545][  0]LogEngineSessionManager: EngineSessionManager initialized
[2019.02.18-09.00.00:553][  0]LogInit: Transaction tracking system initialized
[2019.02.18-09.00.00:567][  0]BlueprintLog: New page: Editor Load
[2019.02.18-09.00.00:624][  0]LocalizationService: Localization service is disabled
[2019.02.18-09.00.00:901][  0]LogCook: Display: Max memory allowance for cook 16384mb min free memory 0mb
[2019.02.18-09.00.00:901][  0]LogCook: Display: Mobile HDR setting 1
[2019.02.18-09.00.00:901][  0]LogGameplayTags: Display: UGameplayTagsManager::DoneAddingNativeTags. DelegateIsBound: 0
[2019.02.18-09.00.00:901][  0]LogStats: UGameplayTagsManager::ConstructGameplayTagTree: ImportINI prefixes -  0.000 s
[2019.02.18-09.00.00:901][  0]LogStats: UGameplayTagsManager::ConstructGameplayTagTree: Construct from data asset -  0.000 s
[2019.02.18-09.00.00:901][  0]LogStats: UGameplayTagsManager::ConstructGameplayTagTree: ImportINI -  0.000 s
[2019.02.18-09.00.00:901][  0]LogStats: UGameplayTagsManager::ConstructGameplayTagTree: GameplayTagTreeChangedEvent.Broadcast -  0.000 s
[2019.02.18-09.00.00:988][  0]LogFileCache: Scanning file cache for directory 'D:/Unreal Engine Projects/Mario/Content/' took 0.01s
[2019.02.18-09.00.00:988][  0]SourceControl: Source control is disabled
[2019.02.18-09.00.00:988][  0]Cmd: MAP LOAD FILE="../../../../../../Unreal Engine Projects/Mario/Content/Maps/Map1.umap" TEMPLATE=0 SHOWPROGRESS=1 FEATURELEVEL=3
[2019.02.18-09.00.00:988][  0]LightingResults: New page: Lighting Build
[2019.02.18-09.00.00:990][  0]MapCheck: New page: Map Check
[2019.02.18-09.00.00:990][  0]LightingResults: New page: Lighting Build
[2019.02.18-09.00.04:919][  0]LogAIModule: Creating AISystem for world Map1
[2019.02.18-09.00.04:928][  0]LogEditorServer: Finished looking for orphan Actors (0.000 secs)
[2019.02.18-09.00.04:985][  0]Cmd: MAP CHECKDEP NOCLEARLOG
[2019.02.18-09.00.05:031][  0]MapCheck: Map check complete: 0 Error(s), 0 Warning(s), took 45,597ms to complete.
[2019.02.18-09.00.05:031][  0]LogFileHelpers: Loading map 'Map1' took 4.043
[2019.02.18-09.00.05:365][  0]LogSlate: Updating window title bar state: overlay mode, drag disabled, window buttons hidden, title bar hidden
[2019.02.18-09.00.05:387][  0]LogSlate: Updating window title bar state: overlay mode, drag disabled, window buttons hidden, title bar hidden
[2019.02.18-09.00.05:395][  0]LogSlate: Updating window title bar state: overlay mode, drag disabled, window buttons hidden, title bar hidden
[2019.02.18-09.00.05:403][  0]LogSlate: Updating window title bar state: overlay mode, drag disabled, window buttons hidden, title bar hidden
[2019.02.18-09.00.05:411][  0]LogCollectionManager: Loaded 0 collections in 0.000821 seconds
[2019.02.18-09.00.05:493][  0]LogFileCache: Scanning file cache for directory 'D:/Unreal Engine Projects/Mario/Saved/Collections/' took 0.01s
[2019.02.18-09.00.05:493][  0]LogFileCache: Scanning file cache for directory 'D:/Unreal Engine Projects/Mario/Content/Developers/DEAD/Collections/' took 0.01s
[2019.02.18-09.00.05:493][  0]LogFileCache: Scanning file cache for directory 'D:/Unreal Engine Projects/Mario/Content/Collections/' took 0.01s
[2019.02.18-09.00.05:493][  0]LogCollectionManager: Rebuilt the GUID cache for 0 collections in 0.000000 seconds
[2019.02.18-09.00.05:503][  0]LogContentBrowser: Native class hierarchy populated in 0.0097 seconds. Added 2581 classes and 608 folders.
[2019.02.18-09.00.05:533][  0]LogContentBrowser: Native class hierarchy updated for 'WidgetCarousel' in 0.0002 seconds. Added 0 classes and 0 folders.
[2019.02.18-09.00.06:780][  0]LogContentBrowser: Native class hierarchy updated for 'AddContentDialog' in 0.0003 seconds. Added 0 classes and 0 folders.
[2019.02.18-09.00.06:838][  0]LogContentBrowser: Native class hierarchy updated for 'SceneOutliner' in 0.0003 seconds. Added 1 classes and 2 folders.
[2019.02.18-09.00.06:938][  0]LogSlate: Took 0.000403 seconds to synchronously load lazily loaded font '../../../Engine/Content/Slate/Fonts/Roboto-Regular.ttf' (155K)
[2019.02.18-09.00.06:942][  0]LogSlate: Took 0.000368 seconds to synchronously load lazily loaded font '../../../Engine/Content/Slate/Fonts/Roboto-Bold.ttf' (160K)
[2019.02.18-09.00.06:995][  0]LogSlate: Took 0.021696 seconds to synchronously load lazily loaded font '../../../Engine/Content/Editor/Slate/Fonts/FontAwesome.ttf' (139K)
[2019.02.18-09.00.07:492][  0]LogRenderer: Reallocating scene render targets to support 748x576 Format 10 NumSamples 1 (Frame:1).
[2019.02.18-09.00.07:761][  0]LogContentBrowser: Native class hierarchy updated for 'HierarchicalLODOutliner' in 0.0004 seconds. Added 0 classes and 0 folders.
[2019.02.18-09.00.07:761][  0]LogLoad: (Engine Initialization) Total time: 13.55 seconds
[2019.02.18-09.00.07:761][  0]LogLoad: (Engine Initialization) Total Blueprint compile time: 0.00 seconds
[2019.02.18-09.00.07:836][  0]LogContentStreaming: Texture pool size now 1000 MB
[2019.02.18-09.00.08:019][  0]LogSlate: Took 0.013104 seconds to synchronously load lazily loaded font '../../../Engine/Content/Slate/Fonts/Roboto-Light.ttf' (167K)
[2019.02.18-09.00.08:062][  1]LogAssetRegistry: Asset discovery search completed in 10.7322 seconds
[2019.02.18-09.00.08:064][  1]LogCollectionManager: Rebuilt the object cache for 0 collections in 0.000001 seconds (found 0 objects)
[2019.02.18-09.00.08:064][  1]LogCollectionManager: Fixed up redirectors for 0 collections in 0.000041 seconds (updated 0 objects)
[2019.02.18-09.00.53:908][232]LogSlate: FSceneViewport::OnFocusLost() reason 2
[2019.02.18-09.00.55:345][379]LogSlate: FSceneViewport::OnFocusLost() reason 2
[2019.02.18-09.01.10:775][ 57]LogSlate: Window 'Source Control Login' being destroyed
[2019.02.18-09.01.15:150][345]LogSlate: FSceneViewport::OnFocusLost() reason 2
[2019.02.18-09.01.17:683][642]SourceControl: fatal: D:/Unreal Engine/Nowy folder/UE_4.20/Engine/Content: 'D:/Unreal Engine/Nowy folder/UE_4.20/Engine/Content' is outside repository
[2019.02.18-09.01.17:759][642]EditorErrors: Warning: No assets to check in!
[2019.02.18-09.01.19:739][872]LogSlate: FSceneViewport::OnFocusLost() reason 0
[2019.02.18-09.01.21:653][101]LogSlate: Window 'Message Log' being destroyed
[2019.02.18-09.01.21:657][101]LogSlate: Window 'Message Log' being destroyed
[2019.02.18-09.01.24:707][453]LogEditorViewport: Clicking on Actor (LMB): StaticMeshActor (Cube29)
[2019.02.18-09.01.27:254][680]LogSlate: FSceneViewport::OnFocusLost() reason 0
[2019.02.18-09.01.30:537][ 59]SourceControl: fatal: D:/Unreal Engine/Nowy folder/UE_4.20/Engine/Content: 'D:/Unreal Engine/Nowy folder/UE_4.20/Engine/Content' is outside repository
[2019.02.18-09.01.30:604][ 59]EditorErrors: Warning: No assets to check in!
[2019.02.18-09.02.17:702][700]LogTemp: Repeating last play command: Selected Viewport
[2019.02.18-09.02.17:728][700]LogPlayLevel: PlayLevel: No blueprints needed recompiling
[2019.02.18-09.02.17:780][700]PIE: New page: PIE session: Map1 (18 lut 2019, 11:02:17)
[2019.02.18-09.02.17:780][700]LogPlayLevel: Creating play world package: /Game/Maps/UEDPIE_0_Map1
[2019.02.18-09.02.17:785][700]LogPlayLevel: PIE: StaticDuplicateObject took: (0.005055s)
[2019.02.18-09.02.17:786][700]LogAIModule: Creating AISystem for world Map1
[2019.02.18-09.02.17:786][700]LogPlayLevel: PIE: World Init took: (0.000991s)
[2019.02.18-09.02.17:792][700]LogPlayLevel: PIE: Created PIE world by copying editor world from /Game/Maps/Map1.Map1 to /Game/Maps/UEDPIE_0_Map1.Map1 (0.011978s)
[2019.02.18-09.02.17:819][700]LogInit: XAudio2 using 'Głośniki (Realtek High Definition Audio)' : 2 channels at 48 kHz using 32 bits per sample (channel mask 0x3)
[2019.02.18-09.02.17:834][700]LogInit: FAudioDevice initialized.
[2019.02.18-09.02.17:912][700]LogLoad: Game class is 'SideScrollerGameMode_C'
[2019.02.18-09.02.17:947][700]LogWorld: Bringing World /Game/Maps/UEDPIE_0_Map1.Map1 up for play (max tick rate 0) at 2019.02.18-10.02.17
[2019.02.18-09.02.17:948][700]LogWorld: Bringing up level for play took: 0.033926
[2019.02.18-09.02.17:980][700]LogContentBrowser: Native class hierarchy updated for 'MovieSceneCapture' in 0.0005 seconds. Added 10 classes and 0 folders.
[2019.02.18-09.02.17:984][700]PIE: Play in editor start time for /Game/Maps/UEDPIE_0_Map1 0,689
[2019.02.18-09.02.27:203][209]LogSlate: Updating window title bar state: overlay mode, drag disabled, window buttons hidden, title bar hidden
[2019.02.18-09.02.27:240][209]LogPlayLevel: Display: Shutting down PIE online subsystems
[2019.02.18-09.02.27:266][209]LogSlate: Updating window title bar state: overlay mode, drag disabled, window buttons hidden, title bar hidden
[2019.02.18-09.02.27:302][211]LogPlayLevel: Display: Destroying online subsystem :Context_3
[2019.02.18-09.02.27:928][270]LogSlate: FSceneViewport::OnFocusLost() reason 0
[2019.02.18-09.02.28:017][279]LogTemp: Repeating last play command: Selected Viewport
[2019.02.18-09.02.28:039][279]LogPlayLevel: PlayLevel: No blueprints needed recompiling
[2019.02.18-09.02.28:039][279]PIE: New page: PIE session: Map1 (18 lut 2019, 11:02:28)
[2019.02.18-09.02.28:040][279]LogPlayLevel: Creating play world package: /Game/Maps/UEDPIE_0_Map1
[2019.02.18-09.02.28:045][279]LogPlayLevel: PIE: StaticDuplicateObject took: (0.005050s)
[2019.02.18-09.02.28:045][279]LogAIModule: Creating AISystem for world Map1
[2019.02.18-09.02.28:046][279]LogPlayLevel: PIE: World Init took: (0.000915s)
[2019.02.18-09.02.28:046][279]LogPlayLevel: PIE: Created PIE world by copying editor world from /Game/Maps/Map1.Map1 to /Game/Maps/UEDPIE_0_Map1.Map1 (0.006122s)
[2019.02.18-09.02.28:073][279]LogInit: XAudio2 using 'Głośniki (Realtek High Definition Audio)' : 2 channels at 48 kHz using 32 bits per sample (channel mask 0x3)
[2019.02.18-09.02.28:090][279]LogInit: FAudioDevice initialized.
[2019.02.18-09.02.28:123][279]LogLoad: Game class is 'SideScrollerGameMode_C'
[2019.02.18-09.02.28:126][279]LogWorld: Bringing World /Game/Maps/UEDPIE_0_Map1.Map1 up for play (max tick rate 0) at 2019.02.18-10.02.28
[2019.02.18-09.02.28:126][279]LogWorld: Bringing up level for play took: 0.003143
[2019.02.18-09.02.28:140][279]PIE: Play in editor start time for /Game/Maps/UEDPIE_0_Map1 0,845
[2019.02.18-09.02.32:765][739]LogSlate: Updating window title bar state: overlay mode, drag disabled, window buttons hidden, title bar hidden
[2019.02.18-09.02.32:802][739]LogPlayLevel: Display: Shutting down PIE online subsystems
[2019.02.18-09.02.32:828][739]LogSlate: Updating window title bar state: overlay mode, drag disabled, window buttons hidden, title bar hidden
[2019.02.18-09.02.32:869][742]LogPlayLevel: Display: Destroying online subsystem :Context_4
[2019.02.18-09.02.33:630][833]LogSlate: FSceneViewport::OnFocusLost() reason 0
[2019.02.18-09.02.33:705][842]LogTemp: Repeating last play command: Selected Viewport
[2019.02.18-09.02.33:726][842]LogPlayLevel: PlayLevel: No blueprints needed recompiling
[2019.02.18-09.02.33:726][842]PIE: New page: PIE session: Map1 (18 lut 2019, 11:02:33)
[2019.02.18-09.02.33:726][842]LogPlayLevel: Creating play world package: /Game/Maps/UEDPIE_0_Map1
[2019.02.18-09.02.33:731][842]LogPlayLevel: PIE: StaticDuplicateObject took: (0.004865s)
[2019.02.18-09.02.33:732][842]LogAIModule: Creating AISystem for world Map1
[2019.02.18-09.02.33:732][842]LogPlayLevel: PIE: World Init took: (0.000816s)
[2019.02.18-09.02.33:732][842]LogPlayLevel: PIE: Created PIE world by copying editor world from /Game/Maps/Map1.Map1 to /Game/Maps/UEDPIE_0_Map1.Map1 (0.005822s)
[2019.02.18-09.02.33:759][842]LogInit: XAudio2 using 'Głośniki (Realtek High Definition Audio)' : 2 channels at 48 kHz using 32 bits per sample (channel mask 0x3)
[2019.02.18-09.02.33:769][842]LogInit: FAudioDevice initialized.
[2019.02.18-09.02.33:807][842]LogLoad: Game class is 'SideScrollerGameMode_C'
[2019.02.18-09.02.33:810][842]LogWorld: Bringing World /Game/Maps/UEDPIE_0_Map1.Map1 up for play (max tick rate 0) at 2019.02.18-10.02.33
[2019.02.18-09.02.33:811][842]LogWorld: Bringing up level for play took: 0.003026
[2019.02.18-09.02.33:824][842]PIE: Play in editor start time for /Game/Maps/UEDPIE_0_Map1 0,529
[2019.02.18-09.02.39:690][540]LogSlate: Updating window title bar state: overlay mode, drag disabled, window buttons hidden, title bar hidden
[2019.02.18-09.02.39:720][540]LogPlayLevel: Display: Shutting down PIE online subsystems
[2019.02.18-09.02.39:744][540]LogSlate: Updating window title bar state: overlay mode, drag disabled, window buttons hidden, title bar hidden
[2019.02.18-09.02.39:789][544]LogPlayLevel: Display: Destroying online subsystem :Context_5
[2019.02.18-09.02.40:876][674]LogSlate: FSceneViewport::OnFocusLost() reason 0
[2019.02.18-09.02.40:959][684]LogTemp: Repeating last play command: Selected Viewport
[2019.02.18-09.02.40:979][684]LogPlayLevel: PlayLevel: No blueprints needed recompiling
[2019.02.18-09.02.40:979][684]PIE: New page: PIE session: Map1 (18 lut 2019, 11:02:40)
[2019.02.18-09.02.40:979][684]LogPlayLevel: Creating play world package: /Game/Maps/UEDPIE_0_Map1
[2019.02.18-09.02.40:984][684]LogPlayLevel: PIE: StaticDuplicateObject took: (0.004732s)
[2019.02.18-09.02.40:984][684]LogAIModule: Creating AISystem for world Map1
[2019.02.18-09.02.40:985][684]LogPlayLevel: PIE: World Init took: (0.000796s)
[2019.02.18-09.02.40:985][684]LogPlayLevel: PIE: Created PIE world by copying editor world from /Game/Maps/Map1.Map1 to /Game/Maps/UEDPIE_0_Map1.Map1 (0.005671s)
[2019.02.18-09.02.41:010][684]LogInit: XAudio2 using 'Głośniki (Realtek High Definition Audio)' : 2 channels at 48 kHz using 32 bits per sample (channel mask 0x3)
[2019.02.18-09.02.41:020][684]LogInit: FAudioDevice initialized.
[2019.02.18-09.02.41:054][684]LogLoad: Game class is 'SideScrollerGameMode_C'
[2019.02.18-09.02.41:057][684]LogWorld: Bringing World /Game/Maps/UEDPIE_0_Map1.Map1 up for play (max tick rate 0) at 2019.02.18-10.02.41
[2019.02.18-09.02.41:058][684]LogWorld: Bringing up level for play took: 0.003106
[2019.02.18-09.02.41:071][684]PIE: Play in editor start time for /Game/Maps/UEDPIE_0_Map1 -0,224
[2019.02.18-09.03.04:846][532]LogSlate: Updating window title bar state: overlay mode, drag disabled, window buttons hidden, title bar hidden
[2019.02.18-09.03.04:880][532]LogPlayLevel: Display: Shutting down PIE online subsystems
[2019.02.18-09.03.04:905][532]LogSlate: Updating window title bar state: overlay mode, drag disabled, window buttons hidden, title bar hidden
[2019.02.18-09.03.04:950][536]LogPlayLevel: Display: Destroying online subsystem :Context_6
[2019.02.18-09.03.10:570][700]LogSlate: FSceneViewport::OnFocusLost() reason 0
[2019.02.18-09.03.10:661][711]LogTemp: Repeating last play command: Selected Viewport
[2019.02.18-09.03.10:680][711]LogPlayLevel: PlayLevel: No blueprints needed recompiling
[2019.02.18-09.03.10:680][711]PIE: New page: PIE session: Map1 (18 lut 2019, 11:03:10)
[2019.02.18-09.03.10:680][711]LogPlayLevel: Creating play world package: /Game/Maps/UEDPIE_0_Map1
[2019.02.18-09.03.10:685][711]LogPlayLevel: PIE: StaticDuplicateObject took: (0.004493s)
[2019.02.18-09.03.10:685][711]LogAIModule: Creating AISystem for world Map1
[2019.02.18-09.03.10:685][711]LogPlayLevel: PIE: World Init took: (0.000719s)
[2019.02.18-09.03.10:685][711]LogPlayLevel: PIE: Created PIE world by copying editor world from /Game/Maps/Map1.Map1 to /Game/Maps/UEDPIE_0_Map1.Map1 (0.005332s)
[2019.02.18-09.03.10:710][711]LogInit: XAudio2 using 'Głośniki (Realtek High Definition Audio)' : 2 channels at 48 kHz using 32 bits per sample (channel mask 0x3)
[2019.02.18-09.03.10:719][711]LogInit: FAudioDevice initialized.
[2019.02.18-09.03.10:749][711]LogLoad: Game class is 'SideScrollerGameMode_C'
[2019.02.18-09.03.10:752][711]LogWorld: Bringing World /Game/Maps/UEDPIE_0_Map1.Map1 up for play (max tick rate 0) at 2019.02.18-10.03.10
[2019.02.18-09.03.10:752][711]LogWorld: Bringing up level for play took: 0.002700
[2019.02.18-09.03.10:766][711]PIE: Play in editor start time for /Game/Maps/UEDPIE_0_Map1 -0,529
[2019.02.18-09.03.30:115][ 27]LogSlate: Updating window title bar state: overlay mode, drag disabled, window buttons hidden, title bar hidden
[2019.02.18-09.03.30:149][ 27]LogPlayLevel: Display: Shutting down PIE online subsystems
[2019.02.18-09.03.30:174][ 27]LogSlate: Updating window title bar state: overlay mode, drag disabled, window buttons hidden, title bar hidden
[2019.02.18-09.03.30:218][ 31]LogPlayLevel: Display: Destroying online subsystem :Context_7
[2019.02.18-09.03.37:732][866]LogSlate: FSceneViewport::OnFocusLost() reason 2
[2019.02.18-09.03.40:492][169]LogEditorViewport: Clicking on Actor (LMB): StaticMeshActor (Cube15)
[2019.02.18-09.03.43:651][517]LogSlate: FSceneViewport::OnFocusLost() reason 0
[2019.02.18-09.04.12:963][788]LogSlate: Took 0.000217 seconds to synchronously load lazily loaded font '../../../Engine/Content/Slate/Fonts/Roboto-Light.ttf' (167K)
[2019.02.18-09.04.32:642][788]LogSlate: Window 'FBX Export Options' being destroyed
[2019.02.18-09.04.32:830][788]LogFbx: Warning: FBX version number for this version of the FBX SDK is 7.5.0


[2019.02.18-09.04.33:835][899]LogSlate: Took 0.021287 seconds to synchronously load lazily loaded font '../../../Engine/Content/Slate/Fonts/Roboto-Italic.ttf' (157K)
[2019.02.18-09.04.36:288][186]SourceControl: fatal: D:/Unreal Engine/Nowy folder/UE_4.20/Engine/Content: 'D:/Unreal Engine/Nowy folder/UE_4.20/Engine/Content' is outside repository
[2019.02.18-09.04.36:358][186]EditorErrors: Warning: No assets to check in!
[2019.02.18-09.04.38:935][437]LogSlate: Window 'Mario - Unreal Editor' being destroyed
[2019.02.18-09.04.38:935][437]LogWindowsTextInputMethodSystem: Display: IME system now deactivated.
[2019.02.18-09.04.39:175][438]Cmd: QUIT_EDITOR
[2019.02.18-09.04.39:320][438]LogExit: Preparing to exit.
[2019.02.18-09.04.40:282][438]LogExit: Editor shut down
[2019.02.18-09.04.40:283][438]LogExit: Transaction tracking system shut down
[2019.02.18-09.04.40:996][438]LogExit: Object subsystem successfully closed.
[2019.02.18-09.04.41:015][438]LogShaderCompilers: Display: Shaders left to compile 0
[2019.02.18-09.04.41:018][438]LogD3D11RHI: Shutdown
[2019.02.18-09.04.41:018][438]LogD3D11RHI: CleanupD3DDevice
[2019.02.18-09.04.41:022][438]LogD3D11RHI: ~FD3D11DynamicRHI
[2019.02.18-09.04.41:049][438]LogModuleManager: Shutting down and abandoning module MovieSceneCapture (618)
[2019.02.18-09.04.41:049][438]LogModuleManager: Shutting down and abandoning module Voice (616)
[2019.02.18-09.04.41:049][438]LogModuleManager: Shutting down and abandoning module HierarchicalLODOutliner (614)
[2019.02.18-09.04.41:049][438]LogModuleManager: Shutting down and abandoning module SceneOutliner (612)
[2019.02.18-09.04.41:049][438]LogModuleManager: Shutting down and abandoning module AddContentDialog (610)
[2019.02.18-09.04.41:050][438]LogModuleManager: Shutting down and abandoning module WidgetCarousel (609)
[2019.02.18-09.04.41:050][438]LogModuleManager: Shutting down and abandoning module EditorWidgets (606)
[2019.02.18-09.04.41:050][438]LogModuleManager: Shutting down and abandoning module CollectionManager (604)
[2019.02.18-09.04.41:050][438]LogModuleManager: Shutting down and abandoning module StatsViewer (602)
[2019.02.18-09.04.41:050][438]LogModuleManager: Shutting down and abandoning module FoliageEdit (600)
[2019.02.18-09.04.41:050][438]LogModuleManager: Shutting down and abandoning module LandscapeEditor (598)
[2019.02.18-09.04.41:050][438]LogModuleManager: Shutting down and abandoning module MeshPaintMode (596)
[2019.02.18-09.04.41:050][438]LogModuleManager: Shutting down and abandoning module SceneDepthPickerMode (594)
[2019.02.18-09.04.41:051][438]LogModuleManager: Shutting down and abandoning module ActorPickerMode (592)
[2019.02.18-09.04.41:051][438]LogModuleManager: Shutting down and abandoning module GeometryMode (590)
[2019.02.18-09.04.41:051][438]LogModuleManager: Shutting down and abandoning module TextureAlignMode (588)
[2019.02.18-09.04.41:051][438]LogModuleManager: Shutting down and abandoning module BspMode (586)
[2019.02.18-09.04.41:051][438]LogModuleManager: Shutting down and abandoning module PIEPreviewDeviceProfileSelector (584)
[2019.02.18-09.04.41:051][438]LogModuleManager: Shutting down and abandoning module SequenceRecorderSections (582)
[2019.02.18-09.04.41:051][438]LogModuleManager: Shutting down and abandoning module AutomationWorker (580)
[2019.02.18-09.04.41:051][438]LogModuleManager: Shutting down and abandoning module AudioCaptureEditor (578)
[2019.02.18-09.04.41:051][438]LogModuleManager: Shutting down and abandoning module SequenceRecorder (577)
[2019.02.18-09.04.41:051][438]LogModuleManager: Shutting down and abandoning module MatineeToLevelSequence (574)
[2019.02.18-09.04.41:051][438]LogModuleManager: Shutting down and abandoning module LevelSequenceEditor (572)
[2019.02.18-09.04.41:051][438]LogModuleManager: Shutting down and abandoning module PlacementMode (571)
[2019.02.18-09.04.41:051][438]LogModuleManager: Shutting down and abandoning module MaterialEditor (570)
[2019.02.18-09.04.41:051][438]LogModuleManager: Shutting down and abandoning module WmfMediaFactory (566)
[2019.02.18-09.04.41:051][438]LogModuleManager: Shutting down and abandoning module WmfMediaEditor (564)
[2019.02.18-09.04.41:051][438]LogModuleManager: Shutting down and abandoning module MediaPlayerEditor (562)
[2019.02.18-09.04.41:051][438]LogModuleManager: Shutting down and abandoning module OpenExrWrapper (560)
[2019.02.18-09.04.41:051][438]LogModuleManager: Shutting down and abandoning module ImgMediaFactory (558)
[2019.02.18-09.04.41:051][438]LogModuleManager: Shutting down and abandoning module ImgMediaEditor (556)
[2019.02.18-09.04.41:051][438]LogModuleManager: Shutting down and abandoning module AvfMediaFactory (554)
[2019.02.18-09.04.41:051][438]LogModuleManager: Shutting down and abandoning module AvfMediaEditor (552)
[2019.02.18-09.04.41:051][438]LogModuleManager: Shutting down and abandoning module AndroidMediaFactory (550)
[2019.02.18-09.04.41:051][438]LogModuleManager: Shutting down and abandoning module AndroidMediaEditor (548)
[2019.02.18-09.04.41:051][438]LogModuleManager: Shutting down and abandoning module MagicLeapCameraPreviewFactory (546)
[2019.02.18-09.04.41:051][438]LogModuleManager: Shutting down and abandoning module MagicLeapMediaFactory (544)
[2019.02.18-09.04.41:051][438]LogModuleManager: Shutting down and abandoning module MagicLeapMediaEditor (542)
[2019.02.18-09.04.41:051][438]LogModuleManager: Shutting down and abandoning module CharacterAI (540)
[2019.02.18-09.04.41:051][438]LogModuleManager: Shutting down and abandoning module SmartSnapping (538)
[2019.02.18-09.04.41:051][438]LogModuleManager: Shutting down and abandoning module SessionServices (536)
[2019.02.18-09.04.41:051][438]LogModuleManager: Shutting down and abandoning module ViewportSnapping (534)
[2019.02.18-09.04.41:051][438]LogModuleManager: Shutting down and abandoning module ViewportInteraction (532)
[2019.02.18-09.04.41:052][438]LogModuleManager: Shutting down and abandoning module ClothPainter (530)
[2019.02.18-09.04.41:052][438]LogModuleManager: Shutting down and abandoning module SkeletalMeshEditor (529)
[2019.02.18-09.04.41:052][438]LogModuleManager: Shutting down and abandoning module LogVisualizer (526)
[2019.02.18-09.04.41:052][438]LogModuleManager: Shutting down and abandoning module IntroTutorials (524)
[2019.02.18-09.04.41:052][438]LogModuleManager: Shutting down and abandoning module GameProjectGeneration (523)
[2019.02.18-09.04.41:052][438]LogModuleManager: Shutting down and abandoning module LuminPlatformEditor (520)
[2019.02.18-09.04.41:052][438]LogModuleManager: Shutting down and abandoning module IOSPlatformEditor (518)
[2019.02.18-09.04.41:052][438]LogModuleManager: Shutting down and abandoning module HTML5PlatformEditor (516)
[2019.02.18-09.04.41:052][438]LogModuleManager: Shutting down and abandoning module AndroidPlatformEditor (514)
[2019.02.18-09.04.41:052][438]LogModuleManager: Shutting down and abandoning module AndroidDeviceDetection (513)
[2019.02.18-09.04.41:751][438]LogModuleManager: Shutting down and abandoning module WindowsPlatformEditor (510)
[2019.02.18-09.04.41:751][438]LogModuleManager: Shutting down and abandoning module LuminRuntimeSettings (508)
[2019.02.18-09.04.41:751][438]LogModuleManager: Shutting down and abandoning module IOSRuntimeSettings (506)
[2019.02.18-09.04.41:751][438]LogModuleManager: Shutting down and abandoning module AndroidRuntimeSettings (504)
[2019.02.18-09.04.41:751][438]LogModuleManager: Shutting down and abandoning module InputBindingEditor (502)
[2019.02.18-09.04.41:751][438]LogModuleManager: Shutting down and abandoning module MergeActors (500)
[2019.02.18-09.04.41:751][438]LogModuleManager: Shutting down and abandoning module LocalizationDashboard (498)
[2019.02.18-09.04.41:751][438]LogModuleManager: Shutting down and abandoning module LocalizationService (497)
[2019.02.18-09.04.41:751][438]LogModuleManager: Shutting down and abandoning module HardwareTargeting (494)
[2019.02.18-09.04.41:751][438]LogModuleManager: Shutting down and abandoning module DeviceProfileEditor (492)
[2019.02.18-09.04.41:751][438]LogModuleManager: Shutting down and abandoning module UndoHistory (490)
[2019.02.18-09.04.41:751][438]LogModuleManager: Shutting down and abandoning module XmlParser (488)
[2019.02.18-09.04.41:751][438]LogModuleManager: Shutting down and abandoning module Blutility (486)
[2019.02.18-09.04.41:751][438]LogModuleManager: Shutting down and abandoning module ProjectSettingsViewer (484)
[2019.02.18-09.04.41:752][438]LogModuleManager: Shutting down and abandoning module ProjectTargetPlatformEditor (483)
[2019.02.18-09.04.41:752][438]LogModuleManager: Shutting down and abandoning module EditorSettingsViewer (480)
[2019.02.18-09.04.41:752][438]LogModuleManager: Shutting down and abandoning module SettingsEditor (478)
[2019.02.18-09.04.41:752][438]LogModuleManager: Shutting down and abandoning module ProjectLauncher (476)
[2019.02.18-09.04.41:752][438]LogModuleManager: Shutting down and abandoning module SessionFrontend (474)
[2019.02.18-09.04.41:752][438]LogModuleManager: Shutting down and abandoning module ProfilerClient (472)
[2019.02.18-09.04.41:752][438]LogModuleManager: Shutting down and abandoning module DeviceManager (470)
[2019.02.18-09.04.41:752][438]LogModuleManager: Shutting down and abandoning module TargetDeviceServices (469)
[2019.02.18-09.04.41:816][438]LogModuleManager: Shutting down and abandoning module AutomationController (466)
[2019.02.18-09.04.41:816][438]LogModuleManager: Shutting down and abandoning module AutomationWindow (464)
[2019.02.18-09.04.41:816][438]LogModuleManager: Shutting down and abandoning module Layers (462)
[2019.02.18-09.04.41:816][438]LogModuleManager: Shutting down and abandoning module ComponentVisualizers (460)
[2019.02.18-09.04.41:816][438]LogModuleManager: Shutting down and abandoning module DetailCustomizations (458)
[2019.02.18-09.04.41:816][438]LogModuleManager: Shutting down and abandoning module PackagesDialog (456)
[2019.02.18-09.04.41:816][438]LogModuleManager: Shutting down and abandoning module Persona (454)
[2019.02.18-09.04.41:816][438]LogModuleManager: Shutting down and abandoning module AdvancedPreviewScene (453)
[2019.02.18-09.04.41:816][438]LogModuleManager: Shutting down and abandoning module AnimGraph (451)
[2019.02.18-09.04.41:816][438]LogModuleManager: Shutting down and abandoning module Kismet (448)
[2019.02.18-09.04.41:817][438]LogModuleManager: Shutting down and abandoning module GraphEditor (446)
[2019.02.18-09.04.41:817][438]LogModuleManager: Shutting down and abandoning module ClassViewer (444)
[2019.02.18-09.04.41:817][438]LogModuleManager: Shutting down and abandoning module Toolbox (442)
[2019.02.18-09.04.41:817][438]LogModuleManager: Shutting down and abandoning module ModuleUI (440)
[2019.02.18-09.04.41:817][438]LogModuleManager: Shutting down and abandoning module MovieSceneTools (438)
[2019.02.18-09.04.41:817][438]LogModuleManager: Shutting down and abandoning module OutputLog (436)
[2019.02.18-09.04.41:817][438]LogModuleManager: Shutting down and abandoning module GammaUI (434)
[2019.02.18-09.04.41:817][438]LogModuleManager: Shutting down and abandoning module Documentation (432)
[2019.02.18-09.04.41:817][438]LogModuleManager: Shutting down and abandoning module MovieSceneTracks (430)
[2019.02.18-09.04.41:817][438]LogModuleManager: Shutting down and abandoning module MovieScene (428)
[2019.02.18-09.04.41:817][438]LogModuleManager: Shutting down and abandoning module StreamingPauseRendering (426)
[2019.02.18-09.04.41:817][438]LogModuleManager: Shutting down and abandoning module LauncherPlatform (424)
[2019.02.18-09.04.41:817][438]LogModuleManager: Shutting down and abandoning module AnalyticsET (422)
[2019.02.18-09.04.41:817][438]LogModuleManager: Shutting down and abandoning module PortalServices (420)
[2019.02.18-09.04.41:817][438]LogModuleManager: Shutting down and abandoning module PortalRpc (418)
[2019.02.18-09.04.41:817][438]LogModuleManager: Shutting down and abandoning module MessagingRpc (416)
[2019.02.18-09.04.41:817][438]LogModuleManager: Shutting down and abandoning module AIModule (414)
[2019.02.18-09.04.41:817][438]LogModuleManager: Shutting down and abandoning module GameplayDebugger (413)
[2019.02.18-09.04.41:817][438]LogModuleManager: Shutting down and abandoning module AITestSuite (411)
[2019.02.18-09.04.41:817][438]LogModuleManager: Shutting down and abandoning module NavigationSystem (409)
[2019.02.18-09.04.41:817][438]LogModuleManager: Shutting down and abandoning module DesktopPlatform (406)
[2019.02.18-09.04.41:817][438]LogModuleManager: Shutting down and abandoning module ProfilerService (404)
[2019.02.18-09.04.41:831][438]LogModuleManager: Shutting down and abandoning module TaskGraph (402)
[2019.02.18-09.04.41:831][438]LogModuleManager: Shutting down and abandoning module SteamVRController (400)
[2019.02.18-09.04.41:831][438]LogModuleManager: Shutting down and abandoning module ProceduralMeshComponentEditor (398)
[2019.02.18-09.04.41:831][438]LogModuleManager: Shutting down and abandoning module ProceduralMeshComponent (396)
[2019.02.18-09.04.41:831][438]LogModuleManager: Shutting down and abandoning module OculusInput (394)
[2019.02.18-09.04.41:831][438]LogModuleManager: Shutting down and abandoning module MobilePatchingUtils (392)
[2019.02.18-09.04.41:831][438]LogModuleManager: Shutting down and abandoning module EditableMesh (390)
[2019.02.18-09.04.41:831][438]LogModuleManager: Shutting down and abandoning module CustomMeshComponent (388)
[2019.02.18-09.04.41:831][438]LogModuleManager: Shutting down and abandoning module CableComponent (386)
[2019.02.18-09.04.41:831][438]LogModuleManager: Shutting down and abandoning module AudioCapture (384)
[2019.02.18-09.04.41:831][438]LogModuleManager: Shutting down and abandoning module ArchVisCharacter (382)
[2019.02.18-09.04.41:831][438]LogModuleManager: Shutting down and abandoning module AndroidPermission (380)
[2019.02.18-09.04.41:831][438]LogModuleManager: Shutting down and abandoning module NUTUnrealEngine4 (378)
[2019.02.18-09.04.41:831][438]LogModuleManager: Shutting down and abandoning module NetcodeUnitTest (376)
[2019.02.18-09.04.41:831][438]LogModuleManager: Shutting down and abandoning module MediaCompositingEditor (374)
[2019.02.18-09.04.41:831][438]LogModuleManager: Shutting down and abandoning module MediaCompositing (372)
[2019.02.18-09.04.41:831][438]LogModuleManager: Shutting down and abandoning module LinearTimecode (370)
[2019.02.18-09.04.41:831][438]LogModuleManager: Shutting down and abandoning module ImgMedia (368)
[2019.02.18-09.04.41:863][438]LogModuleManager: Shutting down and abandoning module HTML5Networking (366)
[2019.02.18-09.04.41:864][438]LogModuleManager: Shutting down and abandoning module GeometryCacheTracks (364)
[2019.02.18-09.04.41:867][438]LogModuleManager: Shutting down and abandoning module GeometryCacheSequencer (362)
[2019.02.18-09.04.41:867][438]LogModuleManager: Shutting down and abandoning module BackChannel (360)
[2019.02.18-09.04.41:867][438]LogModuleManager: Shutting down and abandoning module AppleVision (358)
[2019.02.18-09.04.41:867][438]LogModuleManager: Shutting down and abandoning module AppleImageUtils (356)
[2019.02.18-09.04.41:867][438]LogModuleManager: Shutting down and abandoning module AlembicImporter (354)
[2019.02.18-09.04.41:868][438]LogModuleManager: Shutting down and abandoning module AlembicLibrary (353)
[2019.02.18-09.04.41:868][438]LogModuleManager: Shutting down and abandoning module GeometryCache (352)
[2019.02.18-09.04.41:868][438]LogModuleManager: Shutting down and abandoning module GeometryCacheEd (351)
[2019.02.18-09.04.41:870][438]LogModuleManager: Shutting down and abandoning module DatasmithContentEditor (346)
[2019.02.18-09.04.41:871][438]LogModuleManager: Shutting down and abandoning module DatasmithContent (344)
[2019.02.18-09.04.41:891][438]LogModuleManager: Shutting down and abandoning module SpeedTreeImporter (342)
[2019.02.18-09.04.41:901][438]LogModuleManager: Shutting down and abandoning module PluginBrowser (340)
[2019.02.18-09.04.41:901][438]LogModuleManager: Shutting down and abandoning module MobileLauncherProfileWizard (338)
[2019.02.18-09.04.41:901][438]LogModuleManager: Shutting down and abandoning module PolygonModeling (336)
[2019.02.18-09.04.41:901][438]LogModuleManager: Shutting down and abandoning module MeshEditor (334)
[2019.02.18-09.04.41:901][438]LogModuleManager: Shutting down and abandoning module CryptoKeysOpenSSL (332)
[2019.02.18-09.04.41:901][438]LogModuleManager: Shutting down and abandoning module CryptoKeys (330)
[2019.02.18-09.04.41:901][438]LogModuleManager: Shutting down and abandoning module VisualStudioSourceCodeAccess (328)
[2019.02.18-09.04.41:901][438]LogModuleManager: Shutting down and abandoning module VisualStudioCodeSourceCodeAccess (326)
[2019.02.18-09.04.41:901][438]LogModuleManager: Shutting down and abandoning module UObjectPlugin (324)
[2019.02.18-09.04.41:901][438]LogModuleManager: Shutting down and abandoning module SubversionSourceControl (322)
[2019.02.18-09.04.41:901][438]LogModuleManager: Shutting down and abandoning module PerforceSourceControl (320)
[2019.02.18-09.04.41:901][438]LogModuleManager: Shutting down and abandoning module GitSourceControl (318)
[2019.02.18-09.04.41:901][438]LogModuleManager: Shutting down and abandoning module SourceControl (317)
[2019.02.18-09.04.41:901][438]LogModuleManager: Shutting down and abandoning module CLionSourceCodeAccess (314)
[2019.02.18-09.04.41:901][438]LogModuleManager: Shutting down and abandoning module LightPropagationVolumeEditor (312)
[2019.02.18-09.04.41:901][438]LogModuleManager: Shutting down and abandoning module PaperTiledImporter (310)
[2019.02.18-09.04.41:901][438]LogModuleManager: Shutting down and abandoning module PaperSpriteSheetImporter (308)
[2019.02.18-09.04.41:901][438]LogModuleManager: Shutting down and abandoning module Paper2DEditor (306)
[2019.02.18-09.04.41:901][438]LogModuleManager: Shutting down and abandoning module MeshPaint (305)
[2019.02.18-09.04.41:902][438]LogModuleManager: Shutting down and abandoning module RuntimePhysXCooking (302)
[2019.02.18-09.04.41:902][438]LogModuleManager: Shutting down and abandoning module PhysXVehiclesEditor (300)
[2019.02.18-09.04.41:902][438]LogModuleManager: Shutting down and abandoning module PhysXVehicles (298)
[2019.02.18-09.04.41:902][438]LogModuleManager: Shutting down and abandoning module OculusEditor (296)
[2019.02.18-09.04.41:902][438]LogModuleManager: Shutting down and abandoning module LocationServicesBPLibrary (294)
[2019.02.18-09.04.41:902][438]LogModuleManager: Shutting down and abandoning module ImmediatePhysicsEditor (292)
[2019.02.18-09.04.41:902][438]LogModuleManager: Shutting down and abandoning module ImmediatePhysics (290)
[2019.02.18-09.04.41:902][438]LogModuleManager: Shutting down and abandoning module ApexDestructionEditor (288)
[2019.02.18-09.04.41:902][438]LogModuleManager: Shutting down and abandoning module ApexDestruction (286)
[2019.02.18-09.04.41:917][438]LogModuleManager: Shutting down and abandoning module ActorSequence (284)
[2019.02.18-09.04.41:917][438]LogModuleManager: Shutting down and abandoning module UdpMessaging (282)
[2019.02.18-09.04.42:027][438]LogModuleManager: Shutting down and abandoning module TcpMessaging (280)
[2019.02.18-09.04.42:127][438]LogModuleManager: Shutting down and abandoning module MagicLeapAudio (278)
[2019.02.18-09.04.42:127][438]LogModuleManager: Shutting down and abandoning module GameplayTagsEditor (276)
[2019.02.18-09.04.42:127][438]LogModuleManager: Shutting down and abandoning module FacialAnimationEditor (274)
[2019.02.18-09.04.42:127][438]LogModuleManager: Shutting down and abandoning module FacialAnimation (272)
[2019.02.18-09.04.42:127][438]LogModuleManager: Shutting down and abandoning module DataValidation (270)
[2019.02.18-09.04.42:127][438]LogModuleManager: Shutting down and abandoning module AssetManagerEditor (268)
[2019.02.18-09.04.42:127][438]LogModuleManager: Shutting down and abandoning module LevelEditor (267)
[2019.02.18-09.04.42:128][438]LogModuleManager: Shutting down and abandoning module PixelInspectorModule (266)
[2019.02.18-09.04.42:128][438]LogModuleManager: Shutting down and abandoning module CommonMenuExtensions (264)
[2019.02.18-09.04.42:129][438]LogModuleManager: Shutting down and abandoning module MainFrame (262)
[2019.02.18-09.04.42:129][438]LogModuleManager: Shutting down and abandoning module HotReload (261)
[2019.02.18-09.04.42:129][438]LogModuleManager: Shutting down and abandoning module ContentBrowser (257)
[2019.02.18-09.04.42:130][438]LogModuleManager: Shutting down and abandoning module TreeMap (255)
[2019.02.18-09.04.42:130][438]LogModuleManager: Shutting down and abandoning module LightPropagationVolumeRuntime (252)
[2019.02.18-09.04.42:130][438]LogModuleManager: Shutting down and abandoning module AISupportModule (250)
[2019.02.18-09.04.42:130][438]LogModuleManager: Shutting down and abandoning module Paper2D (248)
[2019.02.18-09.04.42:130][438]LogModuleManager: Shutting down and abandoning module WindowsMoviePlayer (246)
[2019.02.18-09.04.42:131][438]LogModuleManager: Shutting down and abandoning module WmfMedia (244)
[2019.02.18-09.04.42:131][438]LogModuleManager: Shutting down and abandoning module Media (243)
[2019.02.18-09.04.42:137][438]LogModuleManager: Shutting down and abandoning module PacketHandler (240)
[2019.02.18-09.04.42:137][438]LogModuleManager: Shutting down and abandoning module ClothingSystemEditor (238)
[2019.02.18-09.04.42:137][438]LogModuleManager: Shutting down and abandoning module ClothingSystemRuntime (236)
[2019.02.18-09.04.42:137][438]LogModuleManager: Shutting down and abandoning module MediaAssets (234)
[2019.02.18-09.04.42:137][438]LogModuleManager: Shutting down and abandoning module Overlay (232)
[2019.02.18-09.04.42:137][438]LogModuleManager: Shutting down and abandoning module OverlayEditor (231)
[2019.02.18-09.04.42:137][438]LogModuleManager: Shutting down and abandoning module VREditor (228)
[2019.02.18-09.04.42:137][438]LogModuleManager: Shutting down and abandoning module StringTableEditor (226)
[2019.02.18-09.04.42:137][438]LogModuleManager: Shutting down and abandoning module GameplayTasksEditor (224)
[2019.02.18-09.04.42:137][438]LogModuleManager: Shutting down and abandoning module BehaviorTreeEditor (222)
[2019.02.18-09.04.42:137][438]LogModuleManager: Shutting down and abandoning module FunctionalTesting (220)
[2019.02.18-09.04.42:137][438]LogModuleManager: Shutting down and abandoning module CollisionAnalyzer (218)
[2019.02.18-09.04.42:137][438]LogModuleManager: Shutting down and abandoning module WorkspaceMenuStructure (217)
[2019.02.18-09.04.42:137][438]LogModuleManager: Shutting down and abandoning module UMG (214)
[2019.02.18-09.04.42:137][438]LogModuleManager: Shutting down and abandoning module UMGEditor (213)
[2019.02.18-09.04.42:137][438]LogModuleManager: Shutting down and abandoning module Sequencer (212)
[2019.02.18-09.04.42:138][438]LogModuleManager: Shutting down and abandoning module MessageLog (209)
[2019.02.18-09.04.42:138][438]LogModuleManager: Shutting down and abandoning module SlateReflector (204)
[2019.02.18-09.04.42:138][438]LogModuleManager: Shutting down and abandoning module Slate (202)
[2019.02.18-09.04.42:138][438]LogModuleManager: Shutting down and abandoning module EditorStyle (200)
[2019.02.18-09.04.42:139][438]LogModuleManager: Shutting down and abandoning module MRMesh (198)
[2019.02.18-09.04.42:139][438]LogModuleManager: Shutting down and abandoning module SourceCodeAccess (196)
[2019.02.18-09.04.42:139][438]LogModuleManager: Shutting down and abandoning module HeadMountedDisplay (194)
[2019.02.18-09.04.42:139][438]LogModuleManager: Shutting down and abandoning module XAudio2 (192)
[2019.02.18-09.04.42:139][438]LogModuleManager: Shutting down and abandoning module Networking (190)
[2019.02.18-09.04.42:139][438]LogModuleManager: Shutting down and abandoning module Core (188)
[2019.02.18-09.04.42:139][438]LogModuleManager: Shutting down and abandoning module LevelSequence (186)
[2019.02.18-09.04.42:139][438]LogModuleManager: Shutting down and abandoning module KismetCompiler (184)
[2019.02.18-09.04.42:139][438]LogModuleManager: Shutting down and abandoning module MeshUtilities (182)
[2019.02.18-09.04.42:139][438]LogModuleManager: Shutting down and abandoning module MeshMergeUtilities (181)
[2019.02.18-09.04.42:139][438]LogModuleManager: Shutting down and abandoning module MeshReductionInterface (180)
[2019.02.18-09.04.42:140][438]LogModuleManager: Shutting down and abandoning module SimplygonSwarm (179)
[2019.02.18-09.04.42:140][438]LogModuleManager: Shutting down and abandoning module ProxyLODMeshReduction (177)
[2019.02.18-09.04.42:140][438]LogModuleManager: Shutting down and abandoning module SimplygonMeshReduction (175)
[2019.02.18-09.04.42:140][438]LogModuleManager: Shutting down and abandoning module QuadricMeshReduction (173)
[2019.02.18-09.04.42:140][438]LogModuleManager: Shutting down and abandoning module MaterialBaking (169)
[2019.02.18-09.04.42:140][438]LogModuleManager: Shutting down and abandoning module DirectoryWatcher (165)
[2019.02.18-09.04.42:140][438]LogModuleManager: Shutting down and abandoning module DerivedDataCache (162)
[2019.02.18-09.04.42:222][438]LogDerivedDataCache: Shutdown
[2019.02.18-09.04.42:222][438]LogModuleManager: Shutting down and abandoning module XGEController (160)
[2019.02.18-09.04.42:222][438]LogModuleManager: Shutting down and abandoning module TargetPlatform (158)
[2019.02.18-09.04.42:222][438]LogModuleManager: Shutting down and abandoning module VulkanShaderFormat (157)
[2019.02.18-09.04.42:222][438]LogModuleManager: Shutting down and abandoning module ShaderFormatVectorVM (155)
[2019.02.18-09.04.42:222][438]LogModuleManager: Shutting down and abandoning module ShaderFormatOpenGL (153)
[2019.02.18-09.04.42:222][438]LogModuleManager: Shutting down and abandoning module ShaderFormatD3D (151)
[2019.02.18-09.04.42:222][438]LogModuleManager: Shutting down and abandoning module MetalShaderFormat (149)
[2019.02.18-09.04.42:222][438]LogModuleManager: Shutting down and abandoning module TextureFormatUncompressed (147)
[2019.02.18-09.04.42:222][438]LogModuleManager: Shutting down and abandoning module TextureFormatPVR (145)
[2019.02.18-09.04.42:222][438]LogModuleManager: Shutting down and abandoning module TextureFormatDXT (143)
[2019.02.18-09.04.42:222][438]LogModuleManager: Shutting down and abandoning module TextureFormatIntelISPCTexComp (141)
[2019.02.18-09.04.42:222][438]LogModuleManager: Shutting down and abandoning module TextureFormatASTC (139)
[2019.02.18-09.04.42:222][438]LogModuleManager: Shutting down and abandoning module ImageWrapper (138)
[2019.02.18-09.04.42:222][438]LogModuleManager: Shutting down and abandoning module TextureFormatAndroid (135)
[2019.02.18-09.04.42:222][438]LogModuleManager: Shutting down and abandoning module AudioFormatOpus (133)
[2019.02.18-09.04.42:222][438]LogModuleManager: Shutting down and abandoning module AudioFormatOgg (131)
[2019.02.18-09.04.42:222][438]LogModuleManager: Shutting down and abandoning module AudioFormatADPCM (129)
[2019.02.18-09.04.42:222][438]LogModuleManager: Shutting down and abandoning module LuminTargetPlatform (127)
[2019.02.18-09.04.42:223][438]LogModuleManager: Shutting down and abandoning module LinuxTargetPlatform (125)
[2019.02.18-09.04.42:223][438]LogModuleManager: Shutting down and abandoning module LinuxServerTargetPlatform (123)
[2019.02.18-09.04.42:223][438]LogModuleManager: Shutting down and abandoning module LinuxNoEditorTargetPlatform (121)
[2019.02.18-09.04.42:223][438]LogModuleManager: Shutting down and abandoning module LinuxClientTargetPlatform (119)
[2019.02.18-09.04.42:223][438]LogModuleManager: Shutting down and abandoning module TVOSTargetPlatform (117)
[2019.02.18-09.04.42:224][438]LogModuleManager: Shutting down and abandoning module Messaging (115)
[2019.02.18-09.04.42:224][438]LogModuleManager: Shutting down and abandoning module IOSTargetPlatform (113)
[2019.02.18-09.04.42:224][438]LogModuleManager: Shutting down and abandoning module HTML5TargetPlatform (111)
[2019.02.18-09.04.42:224][438]LogModuleManager: Shutting down and abandoning module AndroidTargetPlatform (109)
[2019.02.18-09.04.42:231][438]LogModuleManager: Shutting down and abandoning module WindowsTargetPlatform (107)
[2019.02.18-09.04.42:232][438]LogModuleManager: Shutting down and abandoning module WindowsServerTargetPlatform (105)
[2019.02.18-09.04.42:232][438]LogModuleManager: Shutting down and abandoning module WindowsNoEditorTargetPlatform (103)
[2019.02.18-09.04.42:232][438]LogModuleManager: Shutting down and abandoning module WindowsClientTargetPlatform (101)
[2019.02.18-09.04.42:232][438]LogModuleManager: Shutting down and abandoning module MacTargetPlatform (99)
[2019.02.18-09.04.42:232][438]LogModuleManager: Shutting down and abandoning module MacServerTargetPlatform (97)
[2019.02.18-09.04.42:232][438]LogModuleManager: Shutting down and abandoning module MacNoEditorTargetPlatform (95)
[2019.02.18-09.04.42:232][438]LogModuleManager: Shutting down and abandoning module MacClientTargetPlatform (93)
[2019.02.18-09.04.42:232][438]LogModuleManager: Shutting down and abandoning module AllDesktopTargetPlatform (91)
[2019.02.18-09.04.42:232][438]LogModuleManager: Shutting down and abandoning module InputCore (88)
[2019.02.18-09.04.42:232][438]LogModuleManager: Shutting down and abandoning module Settings (86)
[2019.02.18-09.04.42:232][438]LogModuleManager: Shutting down and abandoning module PhysXCooking (84)
[2019.02.18-09.04.42:232][438]LogModuleManager: Shutting down and abandoning module SteamVR (82)
[2019.02.18-09.04.42:232][438]LogModuleManager: Shutting down and abandoning module OculusHMD (80)
[2019.02.18-09.04.42:232][438]LogModuleManager: Shutting down and abandoning module ExampleDeviceProfileSelector (78)
[2019.02.18-09.04.42:232][438]LogModuleManager: Shutting down and abandoning module LauncherChunkInstaller (76)
[2019.02.18-09.04.42:232][438]LogModuleManager: Shutting down and abandoning module OnlineBlueprintSupport (74)
[2019.02.18-09.04.42:232][438]LogModuleManager: Shutting down and abandoning module OnlineSubsystem (70)
[2019.02.18-09.04.42:233][438]LogModuleManager: Shutting down and abandoning module XMPP (65)
[2019.02.18-09.04.42:233][438]LogModuleManager: Shutting down and abandoning module WebSockets (64)
[2019.02.18-09.04.42:258][438]LogModuleManager: Shutting down and abandoning module HTTP (61)
[2019.02.18-09.04.42:258][438]LogHttp: Display: Http module shutting down, but needs to wait on 1 outstanding Http requests:
[2019.02.18-09.04.42:258][438]LogHttp: Display: 	verb=[POST] url=[https://datarouter.ol.epicgames.com/datarouter/api/v1/public/data?SessionID=%7BCF5EABC1-4B09-BC02-3CF6-0680D8BC2C24%7D&AppID=UEEditor.Rocket.Release&AppVersion=4.20.3-4369336%2B%2B%2BUE4%2BRelease-4.20&UserID=e8de61a04c5f3f855f50c592e906f588%7C48d9c4c221784d1e8dfa31f2b4b76bea%7Cc2617d3b-20f4-49f1-b2a7-76959ea163a0&AppEnvironment=datacollector-binary&UploadType=eteventstream] status=Processing
[2019.02.18-09.04.42:283][438]LogModuleManager: Shutting down and abandoning module SSL (60)
[2019.02.18-09.04.42:284][438]LogModuleManager: Shutting down and abandoning module MagicLeapEmulator (56)
[2019.02.18-09.04.42:284][438]LogModuleManager: Shutting down and abandoning module MagicLeapPrivileges (54)
[2019.02.18-09.04.42:284][438]LogModuleManager: Shutting down and abandoning module MagicLeapIdentity (52)
[2019.02.18-09.04.42:284][438]LogModuleManager: Shutting down and abandoning module MagicLeapHelperVulkan (50)
[2019.02.18-09.04.42:284][438]LogModuleManager: Shutting down and abandoning module MagicLeapHelperOpenGL (48)
[2019.02.18-09.04.42:284][438]LogModuleManager: Shutting down and abandoning module MagicLeapSecureStorage (46)
[2019.02.18-09.04.42:284][438]LogModuleManager: Shutting down and abandoning module MagicLeapGestures (44)
[2019.02.18-09.04.42:284][438]LogModuleManager: Shutting down and abandoning module MagicLeapEyeTracker (42)
[2019.02.18-09.04.42:284][438]LogModuleManager: Shutting down and abandoning module MagicLeapController (40)
[2019.02.18-09.04.42:284][438]LogSlate: Slate User Destroyed.  User Index 0, Is Virtual User: 0
[2019.02.18-09.04.42:284][438]LogModuleManager: Shutting down and abandoning module MagicLeap (38)
[2019.02.18-09.04.42:284][438]LogModuleManager: Shutting down and abandoning module AnimationModifiers (36)
[2019.02.18-09.04.42:284][438]LogModuleManager: Shutting down and abandoning module PropertyEditor (35)
[2019.02.18-09.04.42:284][438]LogModuleManager: Shutting down and abandoning module AudioEditor (32)
[2019.02.18-09.04.42:284][438]LogModuleManager: Shutting down and abandoning module TextureCompressor (30)
[2019.02.18-09.04.42:284][438]LogModuleManager: Shutting down and abandoning module ShaderCore (28)
[2019.02.18-09.04.42:284][438]LogModuleManager: Shutting down and abandoning module Landscape (26)
[2019.02.18-09.04.42:284][438]LogModuleManager: Shutting down and abandoning module SlateRHIRenderer (24)
[2019.02.18-09.04.42:285][438]LogModuleManager: Shutting down and abandoning module OpenGLDrv (22)
[2019.02.18-09.04.42:285][438]LogModuleManager: Shutting down and abandoning module D3D11RHI (20)
[2019.02.18-09.04.42:285][438]LogModuleManager: Shutting down and abandoning module AnimGraphRuntime (18)
[2019.02.18-09.04.42:285][438]LogModuleManager: Shutting down and abandoning module Renderer (16)
[2019.02.18-09.04.42:285][438]LogModuleManager: Shutting down and abandoning module Engine (14)
[2019.02.18-09.04.42:285][438]LogModuleManager: Shutting down and abandoning module CoreUObject (12)
[2019.02.18-09.04.42:285][438]LogModuleManager: Shutting down and abandoning module NetworkFile (10)
[2019.02.18-09.04.42:285][438]LogModuleManager: Shutting down and abandoning module CookedIterativeFile (8)
[2019.02.18-09.04.42:285][438]LogModuleManager: Shutting down and abandoning module StreamingFile (6)
[2019.02.18-09.04.42:285][438]LogModuleManager: Shutting down and abandoning module SandboxFile (4)
[2019.02.18-09.04.42:285][438]LogModuleManager: Shutting down and abandoning module PakFile (2)
[2019.02.18-09.04.42:289][438]LogExit: Exiting.
[2019.02.18-09.04.42:314][438]Log file closed, 02/18/19 10:04:42
